# textbook-parser toc-chunk
# time: 2026-04-08T09:33:24
# argv: D:\ah21\textbook-parser\src\textbook_parser\__main__.py toc-chunk --project-root . --books
# book_code: b31
# log_file: D:\ah21\textbook-parser\output\b31_正文分块.log
# 以下 stdout/stderr 均写入本日志（含警告、错误与提取器提示）。
# project_root: D:\ah21\textbook-parser
# output: D:\ah21\textbook-parser\output

正文分块: 条目 55, 命中 31, 未命中 24
  [问题] 未命中锚点: b31-toc-0005 口语交际 我的暑假生活 keys=['口语交际我的暑假生活']
  [问题] 未命中锚点: b31-toc-0006 习作 猜猜他是谁 keys=['习作猜猜他是谁']
  [问题] 未命中锚点: b31-toc-0007 语文园地 keys=['语文园地']
  [问题] 未命中锚点: b31-toc-0017 语文园地 keys=['语文园地']
  [问题] 未命中锚点: b31-toc-0022 口语交际 名字里的故事 keys=['口语交际名字里的故事']
  [问题] 未命中锚点: b31-toc-0023 习作 续写故事 keys=['习作续写故事']
  [问题] 未命中锚点: b31-toc-0024 语文园地 keys=['语文园地']
  [问题] 未命中锚点: b31-toc-0029 习作 我来编童话 keys=['习作我来编童话']
  [问题] 未命中锚点: b31-toc-0030 语文园地 keys=['语文园地']
  [问题] 未命中锚点: b31-toc-0031 快乐读书吧 keys=['快乐读书吧']
  [问题] 未命中锚点: b31-toc-0033 写日记 keys=['写日记']
  [问题] 未命中锚点: b31-toc-0037 习作 我们眼中的缤纷世界 keys=['习作我们眼中的缤纷世界']
  [问题] 未命中锚点: b31-toc-0045 习作 这儿真美 keys=['习作这儿真美']
  [问题] 未命中锚点: b31-toc-0046 语文园地 keys=['语文园地']
  [问题] 未命中锚点: b31-toc-0049 鹿柴 keys=['鹿柴']
  [问题] 未命中锚点: b31-toc-0050 望天门山 keys=['望天门山']
  [问题] 未命中锚点: b31-toc-0051 饮湖上初晴后雨 keys=['饮湖上初晴后雨']
  [问题] 未命中锚点: b31-toc-0054 口语交际 身边的“小事” keys=['口语交际身边的“小事”']
  [问题] 未命中锚点: b31-toc-0055 习作 我有一个想法 keys=['习作我有一个想法']
  [问题] 未命中锚点: b31-toc-0056 语文园地 keys=['语文园地']
  [问题] 未命中锚点: b31-toc-0061 26* 一个粗瓷大碗 keys=['一个粗瓷大碗', '26一个粗瓷大碗', '26*一个粗瓷大碗']
  [问题] 未命中锚点: b31-toc-0062 口语交际 请教 keys=['口语交际请教']
  [问题] 未命中锚点: b31-toc-0063 习作 那次经历真难忘 keys=['习作那次经历真难忘']
  [问题] 未命中锚点: b31-toc-0064 语文园地 keys=['语文园地']
已写入: D:\ah21\textbook-parser\output\b31_正文分块.json
已写入: D:\ah21\textbook-parser\output\b31_正文分块.md
控制台输出已同步写入日志: D:\ah21\textbook-parser\output\b31_正文分块.log
