# textbook-parser toc-chunk
# time: 2026-04-05T16:44:32
# argv: D:\ah21\textbook-parser\src\textbook_parser\__main__.py toc-chunk --project-root . --books
# book_code: b41
# log_file: D:\ah21\textbook-parser\output\b41_正文分块.log
# 以下 stdout/stderr 均写入本日志（含警告、错误与提取器提示）。
# project_root: D:\ah21\textbook-parser
# output: D:\ah21\textbook-parser\output

正文分块: 条目 59, 命中 30, 未命中 29
  [问题] 未命中锚点: b41-toc-0005 秋晚的江上 keys=['秋晚的江上']
  [问题] 未命中锚点: b41-toc-0006 花牛歌 keys=['花牛歌']
  [问题] 未命中锚点: b41-toc-0007 4* 繁星 keys=['繁星', '4繁星', '4*繁星']
  [问题] 未命中锚点: b41-toc-0008 口语交际 我们与环境 keys=['口语交际我们与环境']
  [问题] 未命中锚点: b41-toc-0009 习作 推荐一个好地方 keys=['习作推荐一个好地方']
  [问题] 未命中锚点: b41-toc-0010 语文园地 keys=['语文园地']
  [问题] 未命中锚点: b41-toc-0016 习作 我的家人 keys=['习作我的家人']
  [问题] 未命中锚点: b41-toc-0017 语文园地 keys=['语文园地']
  [问题] 未命中锚点: b41-toc-0022 雪梅 keys=['雪梅']
  [问题] 未命中锚点: b41-toc-0025 口语交际 爱护眼睛，保护视力 keys=['口语交际爱护眼睛，保护视力']
  [问题] 未命中锚点: b41-toc-0026 习作 写观察日记 keys=['习作写观察日记']
  [问题] 未命中锚点: b41-toc-0027 语文园地 keys=['语文园地']
  [问题] 未命中锚点: b41-toc-0033 习作 我和    过一天 keys=['习作我和过一天']
  [问题] 未命中锚点: b41-toc-0034 语文园地 keys=['语文园地']
  [问题] 未命中锚点: b41-toc-0035 快乐读书吧 keys=['快乐读书吧']
  [问题] 未命中锚点: b41-toc-0042 习作 生活万花筒 keys=['习作生活万花筒']
  [问题] 未命中锚点: b41-toc-0047 口语交际 安慰 keys=['口语交际安慰']
  [问题] 未命中锚点: b41-toc-0048 习作 记一次游戏 keys=['习作记一次游戏']
  [问题] 未命中锚点: b41-toc-0049 语文园地 keys=['语文园地']
  [问题] 未命中锚点: b41-toc-0052 出塞 keys=['出塞']
  [问题] 未命中锚点: b41-toc-0053 凉州词 keys=['凉州词']
  [问题] 未命中锚点: b41-toc-0054 夏日绝句 keys=['夏日绝句']
  [问题] 未命中锚点: b41-toc-0058 习作 写信 keys=['习作写信']
  [问题] 未命中锚点: b41-toc-0059 语文园地 keys=['语文园地']
  [问题] 未命中锚点: b41-toc-0064 扁鹊治病 keys=['扁鹊治病']
  [问题] 未命中锚点: b41-toc-0065 纪昌学射 keys=['纪昌学射']
  [问题] 未命中锚点: b41-toc-0066 口语交际 讲历史人物故事 keys=['口语交际讲历史人物故事']
  [问题] 未命中锚点: b41-toc-0067 习作 我的心儿怦怦跳 keys=['习作我的心儿怦怦跳']
  [问题] 未命中锚点: b41-toc-0068 语文园地 keys=['语文园地']
已写入: D:\ah21\textbook-parser\output\b41_正文分块.json
已写入: D:\ah21\textbook-parser\output\b41_正文分块.md
控制台输出已同步写入日志: D:\ah21\textbook-parser\output\b41_正文分块.log
