# textbook-parser toc-chunk
# time: 2026-04-18T13:06:53
# argv: D:\ah21\textbook-parser\src\textbook_parser\__main__.py toc-chunk --project-root . --books
# book_code: b61
# log_file: D:\ah21\textbook-parser\output\b61_正文分块.log
# 以下 stdout/stderr 均写入本日志（含警告、错误与提取器提示）。
# project_root: D:\ah21\textbook-parser
# output: D:\ah21\textbook-parser\output

正文分块: 条目 58, 命中 34, 未命中 24
  [问题] 未命中锚点: b61-toc-0007 西江月·夜行黄沙道中 keys=['西江月·夜行黄沙道中']
  [问题] 未命中锚点: b61-toc-0009 习作 变形记 keys=['习作变形记']
  [问题] 未命中锚点: b61-toc-0010 语文园地 keys=['语文园地']
  [问题] 未命中锚点: b61-toc-0017 口语交际 演讲 keys=['口语交际演讲']
  [问题] 未命中锚点: b61-toc-0018 习作 多彩的活动 keys=['习作多彩的活动']
  [问题] 未命中锚点: b61-toc-0019 语文园地 keys=['语文园地']
  [问题] 未命中锚点: b61-toc-0024 习作 让生活更美好 keys=['习作让生活更美好']
  [问题] 未命中锚点: b61-toc-0025 语文园地 keys=['语文园地']
  [问题] 未命中锚点: b61-toc-0030 口语交际 请你支持我 keys=['口语交际请你支持我']
  [问题] 未命中锚点: b61-toc-0031 习作 笔尖流出的故事 keys=['习作笔尖流出的故事']
  [问题] 未命中锚点: b61-toc-0032 语文园地 keys=['语文园地']
  [问题] 未命中锚点: b61-toc-0033 快乐读书吧 keys=['快乐读书吧']
  [问题] 未命中锚点: b61-toc-0040 习作 围绕中心意思写 keys=['习作围绕中心意思写']
  [问题] 未命中锚点: b61-toc-0049 口语交际 意见不同怎么办 keys=['口语交际意见不同怎么办']
  [问题] 未命中锚点: b61-toc-0050 习作 学写倡议书 keys=['习作学写倡议书']
  [问题] 未命中锚点: b61-toc-0051 语文园地 keys=['语文园地']
  [问题] 未命中锚点: b61-toc-0054 伯牙鼓琴 keys=['伯牙鼓琴']
  [问题] 未命中锚点: b61-toc-0055 书戴嵩画牛 keys=['书戴嵩画牛']
  [问题] 未命中锚点: b61-toc-0058 口语交际 聊聊书法 keys=['口语交际聊聊书法']
  [问题] 未命中锚点: b61-toc-0059 习作 我的拿手好戏 keys=['习作我的拿手好戏']
  [问题] 未命中锚点: b61-toc-0060 语文园地 keys=['语文园地']
  [问题] 未命中锚点: b61-toc-0065 28* 有的人—纪念鲁迅有感 keys=['有的人—纪念鲁迅有感', '28有的人—纪念鲁迅有感', '28*有的人—纪念鲁迅有感']
  [问题] 未命中锚点: b61-toc-0066 习作 有你，真好 keys=['习作有你，真好']
  [问题] 未命中锚点: b61-toc-0067 语文园地 keys=['语文园地']
已写入: D:\ah21\textbook-parser\output\b61_正文分块.json
已写入: D:\ah21\textbook-parser\output\b61_正文分块.md
控制台输出已同步写入日志: D:\ah21\textbook-parser\output\b61_正文分块.log
