# textbook-parser toc-chunk
# time: 2026-04-05T16:44:36
# argv: D:\ah21\textbook-parser\src\textbook_parser\__main__.py toc-chunk --project-root . --books
# book_code: b62
# log_file: D:\ah21\textbook-parser\output\b62_正文分块.log
# 以下 stdout/stderr 均写入本日志（含警告、错误与提取器提示）。
# project_root: D:\ah21\textbook-parser
# output: D:\ah21\textbook-parser\output

正文分块: 条目 53, 命中 27, 未命中 26
  [问题] 未命中锚点: b62-toc-0005 寒食 keys=['寒食']
  [问题] 未命中锚点: b62-toc-0009 口语交际 即兴发言 keys=['口语交际即兴发言']
  [问题] 未命中锚点: b62-toc-0010 习作 家乡的风俗 keys=['习作家乡的风俗']
  [问题] 未命中锚点: b62-toc-0011 语文园地 keys=['语文园地']
  [问题] 未命中锚点: b62-toc-0016 口语交际 同读一本书 keys=['口语交际同读一本书']
  [问题] 未命中锚点: b62-toc-0017 习作 写作品梗概 keys=['习作写作品梗概']
  [问题] 未命中锚点: b62-toc-0018 语文园地 keys=['语文园地']
  [问题] 未命中锚点: b62-toc-0019 快乐读书吧 keys=['快乐读书吧']
  [问题] 未命中锚点: b62-toc-0026 习作 让真情自然流露 keys=['习作让真情自然流露']
  [问题] 未命中锚点: b62-toc-0035 综合性学习 奋斗的历程 keys=['综合性学习奋斗的历程']
  [问题] 未命中锚点: b62-toc-0036 语文园地 keys=['语文园地']
  [问题] 未命中锚点: b62-toc-0044 口语交际 辩论 keys=['口语交际辩论']
  [问题] 未命中锚点: b62-toc-0045 习作 插上科学的翅膀飞 keys=['习作插上科学的翅膀飞']
  [问题] 未命中锚点: b62-toc-0046 语文园地 keys=['语文园地']
  [问题] 未命中锚点: b62-toc-0048 综合性学习 难忘小学生活 keys=['综合性学习难忘小学生活']
  [问题] 未命中锚点: b62-toc-0049 ◎    回忆往事 keys=['◎回忆往事']
  [问题] 未命中锚点: b62-toc-0052 1 采薇（节选） keys=['采薇（节选）', '1采薇（节选）']
  [问题] 未命中锚点: b62-toc-0053 2 送元二使安西 keys=['送元二使安西', '2送元二使安西']
  [问题] 未命中锚点: b62-toc-0054 3 春夜喜雨 keys=['春夜喜雨', '3春夜喜雨']
  [问题] 未命中锚点: b62-toc-0055 4 早春呈水部张十八员外 keys=['早春呈水部张十八员外', '4早春呈水部张十八员外']
  [问题] 未命中锚点: b62-toc-0056 5 江上渔者 keys=['江上渔者', '5江上渔者']
  [问题] 未命中锚点: b62-toc-0057 6 泊船瓜洲 keys=['泊船瓜洲', '6泊船瓜洲']
  [问题] 未命中锚点: b62-toc-0058 7 游园不值 keys=['游园不值', '7游园不值']
  [问题] 未命中锚点: b62-toc-0059 8 卜算子·送鲍浩然之浙东 keys=['卜算子·送鲍浩然之浙东', '8卜算子·送鲍浩然之浙东']
  [问题] 未命中锚点: b62-toc-0060 9 浣溪沙 keys=['浣溪沙', '9浣溪沙']
  [问题] 未命中锚点: b62-toc-0061 10 清平乐 keys=['清平乐', '10清平乐']
已写入: D:\ah21\textbook-parser\output\b62_正文分块.json
已写入: D:\ah21\textbook-parser\output\b62_正文分块.md
控制台输出已同步写入日志: D:\ah21\textbook-parser\output\b62_正文分块.log
