# textbook-parser extract-all
# time: 2026-04-05T16:44:23
# argv: D:\ah21\textbook-parser\src\textbook_parser\__main__.py extract-all --extractor 目录 --project-root .
# book_code: 12_books
# log_file: D:\ah21\textbook-parser\output\extract-all_目录.log
# 以下 stdout/stderr 均写入本日志（含警告、错误与提取器提示）。
# extractor: 目录
# project_root: D:\ah21\textbook-parser
# books_arg: (全部书目)

--- b11 ---
目录: 条目 54，扁平 45 条，分组 9
已写入: D:\ah21\textbook-parser\output\b11_目录.json
已写入: D:\ah21\textbook-parser\output\b11_目录.md
抛弃行日志: D:\ah21\textbook-parser\output\b11_目录.discard.log
--- b12 ---
目录: 条目 47，扁平 39 条，分组 8
已写入: D:\ah21\textbook-parser\output\b12_目录.json
已写入: D:\ah21\textbook-parser\output\b12_目录.md
抛弃行日志: D:\ah21\textbook-parser\output\b12_目录.discard.log
--- b21 ---
目录: 条目 48，扁平 40 条，分组 8
已写入: D:\ah21\textbook-parser\output\b21_目录.json
已写入: D:\ah21\textbook-parser\output\b21_目录.md
抛弃行日志: D:\ah21\textbook-parser\output\b21_目录.discard.log
--- b22 ---
目录: 条目 51，扁平 43 条，分组 8
已写入: D:\ah21\textbook-parser\output\b22_目录.json
已写入: D:\ah21\textbook-parser\output\b22_目录.md
抛弃行日志: D:\ah21\textbook-parser\output\b22_目录.discard.log
--- b31 ---
目录: 条目 64，扁平 56 条，分组 8
已写入: D:\ah21\textbook-parser\output\b31_目录.json
已写入: D:\ah21\textbook-parser\output\b31_目录.md
抛弃行日志: D:\ah21\textbook-parser\output\b31_目录.discard.log
--- b32 ---
目录: 条目 62，扁平 54 条，分组 8
已写入: D:\ah21\textbook-parser\output\b32_目录.json
已写入: D:\ah21\textbook-parser\output\b32_目录.md
抛弃行日志: D:\ah21\textbook-parser\output\b32_目录.discard.log
--- b41 ---
目录: 条目 68，扁平 60 条，分组 8
已写入: D:\ah21\textbook-parser\output\b41_目录.json
已写入: D:\ah21\textbook-parser\output\b41_目录.md
抛弃行日志: D:\ah21\textbook-parser\output\b41_目录.discard.log
--- b42 ---
目录: 条目 70，扁平 62 条，分组 8
已写入: D:\ah21\textbook-parser\output\b42_目录.json
已写入: D:\ah21\textbook-parser\output\b42_目录.md
抛弃行日志: D:\ah21\textbook-parser\output\b42_目录.discard.log
--- b51 ---
目录: 条目 63，扁平 55 条，分组 8
已写入: D:\ah21\textbook-parser\output\b51_目录.json
已写入: D:\ah21\textbook-parser\output\b51_目录.md
抛弃行日志: D:\ah21\textbook-parser\output\b51_目录.discard.log
--- b52 ---
目录: 条目 66，扁平 58 条，分组 8
已写入: D:\ah21\textbook-parser\output\b52_目录.json
已写入: D:\ah21\textbook-parser\output\b52_目录.md
抛弃行日志: D:\ah21\textbook-parser\output\b52_目录.discard.log
--- b61 ---
目录: 条目 67，扁平 59 条，分组 8
已写入: D:\ah21\textbook-parser\output\b61_目录.json
已写入: D:\ah21\textbook-parser\output\b61_目录.md
抛弃行日志: D:\ah21\textbook-parser\output\b61_目录.discard.log
--- b62 ---
目录: 条目 61，扁平 54 条，分组 7
已写入: D:\ah21\textbook-parser\output\b62_目录.json
已写入: D:\ah21\textbook-parser\output\b62_目录.md
抛弃行日志: D:\ah21\textbook-parser\output\b62_目录.discard.log
控制台输出已同步写入日志: D:\ah21\textbook-parser\output\extract-all_目录.log
